<?xml version="1.0" encoding="UTF-8"?>
<testng-results skipped="0" failed="0" ignored="0" total="1" passed="1">
  <reporter-output>
  </reporter-output>
  <suite name="Default suite" duration-ms="497" started-at="2022-08-21T17:00:26 IST" finished-at="2022-08-21T17:00:27 IST">
    <groups>
      <group name="cucumber">
        <method signature="AbstractTestNGCucumberTests.runScenario(io.cucumber.testng.PickleWrapper, io.cucumber.testng.FeatureWrapper)[pri:0, instance:TestRunner.Salesforce_S07_30_CreateAccounts@1060b431]" name="runScenario" class="io.cucumber.testng.AbstractTestNGCucumberTests"/>
      </group> <!-- cucumber -->
    </groups>
    <test name="Default test" duration-ms="497" started-at="2022-08-21T17:00:26 IST" finished-at="2022-08-21T17:00:27 IST">
      <class name="TestRunner.Salesforce_S07_30_CreateAccounts">
        <test-method status="PASS" signature="setUpClass()[pri:0, instance:TestRunner.Salesforce_S07_30_CreateAccounts@1060b431]" name="setUpClass" is-config="true" duration-ms="305" started-at="2022-08-21T17:00:26 IST" finished-at="2022-08-21T17:00:27 IST">
          <reporter-output>
          </reporter-output>
        </test-method> <!-- setUpClass -->
        <test-method status="PASS" signature="runScenario(io.cucumber.testng.PickleWrapper, io.cucumber.testng.FeatureWrapper)[pri:0, instance:TestRunner.Salesforce_S07_30_CreateAccounts@1060b431]" name="runScenario" duration-ms="144" started-at="2022-08-21T17:00:27 IST" description="Runs Cucumber Scenarios" data-provider="scenarios" finished-at="2022-08-21T17:00:27 IST">
          <params>
            <param index="0">
              <value>
                <![CDATA["TC001 login Functionality of Salesforce"]]>
              </value>
            </param>
            <param index="1">
              <value>
                <![CDATA["Optional[Salesforce Create Account functionality]"]]>
              </value>
            </param>
          </params>
          <reporter-output>
          </reporter-output>
        </test-method> <!-- runScenario -->
        <test-method status="PASS" signature="tearDownClass()[pri:0, instance:TestRunner.Salesforce_S07_30_CreateAccounts@1060b431]" name="tearDownClass" is-config="true" duration-ms="10" started-at="2022-08-21T17:00:27 IST" finished-at="2022-08-21T17:00:27 IST">
          <reporter-output>
          </reporter-output>
        </test-method> <!-- tearDownClass -->
      </class> <!-- TestRunner.Salesforce_S07_30_CreateAccounts -->
    </test> <!-- Default test -->
  </suite> <!-- Default suite -->
</testng-results>
